#
# There is insufficient memory for the Java Runtime Environment to continue.
# Native memory allocation (malloc) failed to allocate 470672 bytes for Chunk::new
# Possible reasons:
#   The system is out of physical RAM or swap space
#   The process is running with CompressedOops enabled, and the Java Heap may be blocking the growth of the native heap
# Possible solutions:
#   Reduce memory load on the system
#   Increase physical memory or swap space
#   Check if swap backing store is full
#   Decrease Java heap size (-Xmx/-Xms)
#   Decrease number of Java threads
#   Decrease Java thread stack sizes (-Xss)
#   Set larger code cache with -XX:ReservedCodeCacheSize=
#   JVM is running with Zero Based Compressed Oops mode in which the Java heap is
#     placed in the first 32GB address space. The Java Heap base address is the
#     maximum limit for the native heap growth. Please use -XX:HeapBaseMinAddress
#     to set the Java Heap base and to place the Java Heap above 32GB virtual address.
# This output file may be truncated or incomplete.
#
#  Out of Memory Error (c:/BuildAgent/work/5ff2f6c26000d570/src/hotspot/share/memory/arena.cpp:197), pid=24728, tid=23320
#
# JRE version: OpenJDK Runtime Environment (11.0.6+8) (build 11.0.6+8-b520.43)
# Java VM: OpenJDK 64-Bit Server VM (11.0.6+8-b520.43, mixed mode, tiered, compressed oops, g1 gc, windows-amd64)
# No core dump will be written. Minidumps are not enabled by default on client versions of Windows
#

---------------  S U M M A R Y ------------

Command Line: -javaagent:D:\Application\IntelliJ IDEA Community Edition 2019.3.3\lib\idea_rt.jar=61951:D:\Application\IntelliJ IDEA Community Edition 2019.3.3\bin -Dfile.encoding=UTF-8 com.ecommerce.microcommerce.MicrocommerceApplication

Host: Intel(R) Core(TM) i7-6600U CPU @ 2.60GHz, 4 cores, 15G,  Windows 10 , 64 bit Build 18362 (10.0.18362.329)
Time: Thu Apr 30 15:50:25 2020 Paris, Madrid (heure d?été) elapsed time: 7 seconds (0d 0h 0m 7s)

---------------  T H R E A D  ---------------

Current thread (0x000001f397398800):  JavaThread "C2 CompilerThread1" daemon [_thread_in_native, id=23320, stack(0x000000b75f100000,0x000000b75f200000)]


Current CompileTask:
C2:   7163 3504       4       org.springframework.beans.factory.support.AbstractBeanFactory::isTypeMatch (607 bytes)

Stack: [0x000000b75f100000,0x000000b75f200000]
Native frames: (J=compiled Java code, j=interpreted, Vv=VM code, C=native code)
V  [jvm.dll+0x5de31a]
V  [jvm.dll+0x710ae5]
V  [jvm.dll+0x712005]
V  [jvm.dll+0x7126b3]
V  [jvm.dll+0x23e3a8]
V  [jvm.dll+0xb8b5c]
V  [jvm.dll+0xb905c]
V  [jvm.dll+0x1f7001]
V  [jvm.dll+0x5776a5]
V  [jvm.dll+0x57645e]
V  [jvm.dll+0x1f7662]
V  [jvm.dll+0x1f6994]
V  [jvm.dll+0x17f76c]
V  [jvm.dll+0x204dd7]
V  [jvm.dll+0x203641]
V  [jvm.dll+0x6da98f]
V  [jvm.dll+0x6d379d]
V  [jvm.dll+0x5dd2e6]
C  [ucrtbase.dll+0x1d9f2]
C  [KERNEL32.DLL+0x17bd4]
C  [ntdll.dll+0x6cee1]


---------------  P R O C E S S  ---------------

Threads class SMR info:
_java_thread_list=0x000001f397f815d0, length=12, elements={
0x000001f3f7187800, 0x000001f3ff7f7000, 0x000001f3ff7f8000, 0x000001f3ff858800,
0x000001f3ff859800, 0x000001f3ff85b800, 0x000001f3ff85f000, 0x000001f3ff860000,
0x000001f3f6a8c000, 0x000001f39706e000, 0x000001f396f5e800, 0x000001f397398800
}

Java Threads: ( => current thread )
  0x000001f3f7187800 JavaThread "main" [_thread_in_native, id=14180, stack(0x000000b75df00000,0x000000b75e000000)]
  0x000001f3ff7f7000 JavaThread "Reference Handler" daemon [_thread_blocked, id=26716, stack(0x000000b75e600000,0x000000b75e700000)]
  0x000001f3ff7f8000 JavaThread "Finalizer" daemon [_thread_blocked, id=25056, stack(0x000000b75e700000,0x000000b75e800000)]
  0x000001f3ff858800 JavaThread "Signal Dispatcher" daemon [_thread_blocked, id=16724, stack(0x000000b75e800000,0x000000b75e900000)]
  0x000001f3ff859800 JavaThread "Attach Listener" daemon [_thread_blocked, id=23028, stack(0x000000b75e900000,0x000000b75ea00000)]
  0x000001f3ff85b800 JavaThread "C2 CompilerThread0" daemon [_thread_in_native, id=22500, stack(0x000000b75ea00000,0x000000b75eb00000)]
  0x000001f3ff85f000 JavaThread "C1 CompilerThread0" daemon [_thread_blocked, id=20736, stack(0x000000b75eb00000,0x000000b75ec00000)]
  0x000001f3ff860000 JavaThread "Sweeper thread" daemon [_thread_blocked, id=24024, stack(0x000000b75ec00000,0x000000b75ed00000)]
  0x000001f3f6a8c000 JavaThread "Common-Cleaner" daemon [_thread_blocked, id=25504, stack(0x000000b75ed00000,0x000000b75ee00000)]
  0x000001f39706e000 JavaThread "Monitor Ctrl-Break" daemon [_thread_in_native, id=20960, stack(0x000000b75ee00000,0x000000b75ef00000)]
  0x000001f396f5e800 JavaThread "Service Thread" daemon [_thread_blocked, id=11544, stack(0x000000b75ef00000,0x000000b75f000000)]
=>0x000001f397398800 JavaThread "C2 CompilerThread1" daemon [_thread_in_native, id=23320, stack(0x000000b75f100000,0x000000b75f200000)]

Other Threads:
  0x000001f3ff7ce800 VMThread "VM Thread" [stack: 0x000000b75e500000,0x000000b75e600000] [id=11204]
  0x000001f396f62800 WatcherThread [stack: 0x000000b75f000000,0x000000b75f100000] [id=15124]
  0x000001f3f68c8800 GCTaskThread "GC Thread#0" [stack: 0x000000b75e000000,0x000000b75e100000] [id=9204]
  0x000001f3977d8000 GCTaskThread "GC Thread#1" [stack: 0x000000b75f200000,0x000000b75f300000] [id=22768]
  0x000001f3977d9000 GCTaskThread "GC Thread#2" [stack: 0x000000b75f300000,0x000000b75f400000] [id=15476]
  0x000001f39739c000 GCTaskThread "GC Thread#3" [stack: 0x000000b75f400000,0x000000b75f500000] [id=19160]
  0x000001f3f71ab000 ConcurrentGCThread "G1 Main Marker" [stack: 0x000000b75e100000,0x000000b75e200000] [id=27192]
  0x000001f3f71ad800 ConcurrentGCThread "G1 Conc#0" [stack: 0x000000b75e200000,0x000000b75e300000] [id=19408]
  0x000001f3f6a19000 ConcurrentGCThread "G1 Refine#0" [stack: 0x000000b75e300000,0x000000b75e400000] [id=18524]
  0x000001f3f6a1a000 ConcurrentGCThread "G1 Young RemSet Sampling" [stack: 0x000000b75e400000,0x000000b75e500000] [id=8520]

Threads with active compile tasks:
C2 CompilerThread0   7731 3510       4       org.springframework.core.annotation.AnnotationsScanner::getDeclaredAnnotations (166 bytes)
C2 CompilerThread1   7731 3504       4       org.springframework.beans.factory.support.AbstractBeanFactory::isTypeMatch (607 bytes)

VM state:not at safepoint (normal execution)

VM Mutex/Monitor currently owned by a thread: None

Heap address: 0x0000000703000000, size: 4048 MB, Compressed Oops mode: Zero based, Oop shift amount: 3
Narrow klass base: 0x0000000800000000, Narrow klass shift: 0
Compressed class space size: 1073741824 Address: 0x0000000800000000

Heap:
 garbage-first heap   total 260096K, used 18703K [0x0000000703000000, 0x0000000800000000)
  region size 1024K, 11 young (11264K), 6 survivors (6144K)
 Metaspace       used 35780K, capacity 36720K, committed 36812K, reserved 1087488K
  class space    used 4277K, capacity 4626K, committed 4684K, reserved 1048576K
Heap Regions: E=young(eden), S=young(survivor), O=old, HS=humongous(starts), HC=humongous(continues), CS=collection set, F=free, A=archive, TAMS=top-at-mark-start (previous, next)
|   0|0x0000000703000000, 0x0000000703100000, 0x0000000703100000|100%|HS|  |TAMS 0x0000000703100000, 0x0000000703000000| Complete 
|   1|0x0000000703100000, 0x0000000703200000, 0x0000000703200000|100%| O|  |TAMS 0x0000000703200000, 0x0000000703100000| Untracked 
|   2|0x0000000703200000, 0x0000000703300000, 0x0000000703300000|100%| O|  |TAMS 0x0000000703300000, 0x0000000703200000| Untracked 
|   3|0x0000000703300000, 0x0000000703400000, 0x0000000703400000|100%| O|  |TAMS 0x0000000703400000, 0x0000000703300000| Untracked 
|   4|0x0000000703400000, 0x0000000703500000, 0x0000000703500000|100%| O|  |TAMS 0x0000000703500000, 0x0000000703400000| Untracked 
|   5|0x0000000703500000, 0x0000000703600000, 0x0000000703600000|100%| O|  |TAMS 0x0000000703600000, 0x0000000703500000| Untracked 
|   6|0x0000000703600000, 0x0000000703700000, 0x0000000703700000|100%| O|  |TAMS 0x0000000703700000, 0x0000000703600000| Untracked 
|   7|0x0000000703700000, 0x0000000703800000, 0x0000000703800000|100%| O|  |TAMS 0x0000000703800000, 0x0000000703700000| Untracked 
|   8|0x0000000703800000, 0x0000000703843c00, 0x0000000703900000| 26%| O|  |TAMS 0x0000000703843c00, 0x0000000703800000| Untracked 
|   9|0x0000000703900000, 0x0000000703900000, 0x0000000703a00000|  0%| F|  |TAMS 0x0000000703900000, 0x0000000703900000| Untracked 
|  10|0x0000000703a00000, 0x0000000703a00000, 0x0000000703b00000|  0%| F|  |TAMS 0x0000000703a00000, 0x0000000703a00000| Untracked 
|  11|0x0000000703b00000, 0x0000000703b00000, 0x0000000703c00000|  0%| F|  |TAMS 0x0000000703b00000, 0x0000000703b00000| Untracked 
|  12|0x0000000703c00000, 0x0000000703c00000, 0x0000000703d00000|  0%| F|  |TAMS 0x0000000703c00000, 0x0000000703c00000| Untracked 
|  13|0x0000000703d00000, 0x0000000703d00000, 0x0000000703e00000|  0%| F|  |TAMS 0x0000000703d00000, 0x0000000703d00000| Untracked 
|  14|0x0000000703e00000, 0x0000000703e00000, 0x0000000703f00000|  0%| F|  |TAMS 0x0000000703e00000, 0x0000000703e00000| Untracked 
|  15|0x0000000703f00000, 0x0000000703f00000, 0x0000000704000000|  0%| F|  |TAMS 0x0000000703f00000, 0x0000000703f00000| Untracked 
|  16|0x0000000704000000, 0x0000000704000000, 0x0000000704100000|  0%| F|  |TAMS 0x0000000704000000, 0x0000000704000000| Untracked 
|  17|0x0000000704100000, 0x0000000704100000, 0x0000000704200000|  0%| F|  |TAMS 0x0000000704100000, 0x0000000704100000| Untracked 
|  18|0x0000000704200000, 0x0000000704200000, 0x0000000704300000|  0%| F|  |TAMS 0x0000000704200000, 0x0000000704200000| Untracked 
|  19|0x0000000704300000, 0x0000000704300000, 0x0000000704400000|  0%| F|  |TAMS 0x0000000704300000, 0x0000000704300000| Untracked 
|  20|0x0000000704400000, 0x0000000704400000, 0x0000000704500000|  0%| F|  |TAMS 0x0000000704400000, 0x0000000704400000| Untracked 
|  21|0x0000000704500000, 0x0000000704500000, 0x0000000704600000|  0%| F|  |TAMS 0x0000000704500000, 0x0000000704500000| Untracked 
|  22|0x0000000704600000, 0x0000000704600000, 0x0000000704700000|  0%| F|  |TAMS 0x0000000704600000, 0x0000000704600000| Untracked 
|  23|0x0000000704700000, 0x0000000704700000, 0x0000000704800000|  0%| F|  |TAMS 0x0000000704700000, 0x0000000704700000| Untracked 
|  24|0x0000000704800000, 0x0000000704800000, 0x0000000704900000|  0%| F|  |TAMS 0x0000000704800000, 0x0000000704800000| Untracked 
|  25|0x0000000704900000, 0x0000000704900000, 0x0000000704a00000|  0%| F|  |TAMS 0x0000000704900000, 0x0000000704900000| Untracked 
|  26|0x0000000704a00000, 0x0000000704a00000, 0x0000000704b00000|  0%| F|  |TAMS 0x0000000704a00000, 0x0000000704a00000| Untracked 
|  27|0x0000000704b00000, 0x0000000704b00000, 0x0000000704c00000|  0%| F|  |TAMS 0x0000000704b00000, 0x0000000704b00000| Untracked 
|  28|0x0000000704c00000, 0x0000000704c00000, 0x0000000704d00000|  0%| F|  |TAMS 0x0000000704c00000, 0x0000000704c00000| Untracked 
|  29|0x0000000704d00000, 0x0000000704d00000, 0x0000000704e00000|  0%| F|  |TAMS 0x0000000704d00000, 0x0000000704d00000| Untracked 
|  30|0x0000000704e00000, 0x0000000704e00000, 0x0000000704f00000|  0%| F|  |TAMS 0x0000000704e00000, 0x0000000704e00000| Untracked 
|  31|0x0000000704f00000, 0x0000000704f00000, 0x0000000705000000|  0%| F|  |TAMS 0x0000000704f00000, 0x0000000704f00000| Untracked 
|  32|0x0000000705000000, 0x0000000705000000, 0x0000000705100000|  0%| F|  |TAMS 0x0000000705000000, 0x0000000705000000| Untracked 
|  33|0x0000000705100000, 0x0000000705100000, 0x0000000705200000|  0%| F|  |TAMS 0x0000000705100000, 0x0000000705100000| Untracked 
|  34|0x0000000705200000, 0x0000000705200000, 0x0000000705300000|  0%| F|  |TAMS 0x0000000705200000, 0x0000000705200000| Untracked 
|  35|0x0000000705300000, 0x0000000705300000, 0x0000000705400000|  0%| F|  |TAMS 0x0000000705300000, 0x0000000705300000| Untracked 
|  36|0x0000000705400000, 0x0000000705400000, 0x0000000705500000|  0%| F|  |TAMS 0x0000000705400000, 0x0000000705400000| Untracked 
|  37|0x0000000705500000, 0x0000000705500000, 0x0000000705600000|  0%| F|  |TAMS 0x0000000705500000, 0x0000000705500000| Untracked 
|  38|0x0000000705600000, 0x0000000705600000, 0x0000000705700000|  0%| F|  |TAMS 0x0000000705600000, 0x0000000705600000| Untracked 
|  39|0x0000000705700000, 0x0000000705700000, 0x0000000705800000|  0%| F|  |TAMS 0x0000000705700000, 0x0000000705700000| Untracked 
|  40|0x0000000705800000, 0x0000000705800000, 0x0000000705900000|  0%| F|  |TAMS 0x0000000705800000, 0x0000000705800000| Untracked 
|  41|0x0000000705900000, 0x0000000705900000, 0x0000000705a00000|  0%| F|  |TAMS 0x0000000705900000, 0x0000000705900000| Untracked 
|  42|0x0000000705a00000, 0x0000000705a00000, 0x0000000705b00000|  0%| F|  |TAMS 0x0000000705a00000, 0x0000000705a00000| Untracked 
|  43|0x0000000705b00000, 0x0000000705b00000, 0x0000000705c00000|  0%| F|  |TAMS 0x0000000705b00000, 0x0000000705b00000| Untracked 
|  44|0x0000000705c00000, 0x0000000705c00000, 0x0000000705d00000|  0%| F|  |TAMS 0x0000000705c00000, 0x0000000705c00000| Untracked 
|  45|0x0000000705d00000, 0x0000000705d00000, 0x0000000705e00000|  0%| F|  |TAMS 0x0000000705d00000, 0x0000000705d00000| Untracked 
|  46|0x0000000705e00000, 0x0000000705e00000, 0x0000000705f00000|  0%| F|  |TAMS 0x0000000705e00000, 0x0000000705e00000| Untracked 
|  47|0x0000000705f00000, 0x0000000705f00000, 0x0000000706000000|  0%| F|  |TAMS 0x0000000705f00000, 0x0000000705f00000| Untracked 
|  48|0x0000000706000000, 0x0000000706000000, 0x0000000706100000|  0%| F|  |TAMS 0x0000000706000000, 0x0000000706000000| Untracked 
|  49|0x0000000706100000, 0x0000000706100000, 0x0000000706200000|  0%| F|  |TAMS 0x0000000706100000, 0x0000000706100000| Untracked 
|  50|0x0000000706200000, 0x0000000706200000, 0x0000000706300000|  0%| F|  |TAMS 0x0000000706200000, 0x0000000706200000| Untracked 
|  51|0x0000000706300000, 0x0000000706300000, 0x0000000706400000|  0%| F|  |TAMS 0x0000000706300000, 0x0000000706300000| Untracked 
|  52|0x0000000706400000, 0x0000000706400000, 0x0000000706500000|  0%| F|  |TAMS 0x0000000706400000, 0x0000000706400000| Untracked 
|  53|0x0000000706500000, 0x0000000706500000, 0x0000000706600000|  0%| F|  |TAMS 0x0000000706500000, 0x0000000706500000| Untracked 
|  54|0x0000000706600000, 0x0000000706600000, 0x0000000706700000|  0%| F|  |TAMS 0x0000000706600000, 0x0000000706600000| Untracked 
|  55|0x0000000706700000, 0x0000000706700000, 0x0000000706800000|  0%| F|  |TAMS 0x0000000706700000, 0x0000000706700000| Untracked 
|  56|0x0000000706800000, 0x0000000706800000, 0x0000000706900000|  0%| F|  |TAMS 0x0000000706800000, 0x0000000706800000| Untracked 
|  57|0x0000000706900000, 0x0000000706900000, 0x0000000706a00000|  0%| F|  |TAMS 0x0000000706900000, 0x0000000706900000| Untracked 
|  58|0x0000000706a00000, 0x0000000706a00000, 0x0000000706b00000|  0%| F|  |TAMS 0x0000000706a00000, 0x0000000706a00000| Untracked 
|  59|0x0000000706b00000, 0x0000000706b00000, 0x0000000706c00000|  0%| F|  |TAMS 0x0000000706b00000, 0x0000000706b00000| Untracked 
|  60|0x0000000706c00000, 0x0000000706c00000, 0x0000000706d00000|  0%| F|  |TAMS 0x0000000706c00000, 0x0000000706c00000| Untracked 
|  61|0x0000000706d00000, 0x0000000706d00000, 0x0000000706e00000|  0%| F|  |TAMS 0x0000000706d00000, 0x0000000706d00000| Untracked 
|  62|0x0000000706e00000, 0x0000000706e00000, 0x0000000706f00000|  0%| F|  |TAMS 0x0000000706e00000, 0x0000000706e00000| Untracked 
|  63|0x0000000706f00000, 0x0000000706f00000, 0x0000000707000000|  0%| F|  |TAMS 0x0000000706f00000, 0x0000000706f00000| Untracked 
|  64|0x0000000707000000, 0x0000000707000000, 0x0000000707100000|  0%| F|  |TAMS 0x0000000707000000, 0x0000000707000000| Untracked 
|  65|0x0000000707100000, 0x0000000707100000, 0x0000000707200000|  0%| F|  |TAMS 0x0000000707100000, 0x0000000707100000| Untracked 
|  66|0x0000000707200000, 0x0000000707200000, 0x0000000707300000|  0%| F|  |TAMS 0x0000000707200000, 0x0000000707200000| Untracked 
|  67|0x0000000707300000, 0x0000000707300000, 0x0000000707400000|  0%| F|  |TAMS 0x0000000707300000, 0x0000000707300000| Untracked 
|  68|0x0000000707400000, 0x0000000707400000, 0x0000000707500000|  0%| F|  |TAMS 0x0000000707400000, 0x0000000707400000| Untracked 
|  69|0x0000000707500000, 0x0000000707500000, 0x0000000707600000|  0%| F|  |TAMS 0x0000000707500000, 0x0000000707500000| Untracked 
|  70|0x0000000707600000, 0x0000000707600000, 0x0000000707700000|  0%| F|  |TAMS 0x0000000707600000, 0x0000000707600000| Untracked 
|  71|0x0000000707700000, 0x0000000707700000, 0x0000000707800000|  0%| F|  |TAMS 0x0000000707700000, 0x0000000707700000| Untracked 
|  72|0x0000000707800000, 0x0000000707800000, 0x0000000707900000|  0%| F|  |TAMS 0x0000000707800000, 0x0000000707800000| Untracked 
|  73|0x0000000707900000, 0x0000000707900000, 0x0000000707a00000|  0%| F|  |TAMS 0x0000000707900000, 0x0000000707900000| Untracked 
|  74|0x0000000707a00000, 0x0000000707a00000, 0x0000000707b00000|  0%| F|  |TAMS 0x0000000707a00000, 0x0000000707a00000| Untracked 
|  75|0x0000000707b00000, 0x0000000707b00000, 0x0000000707c00000|  0%| F|  |TAMS 0x0000000707b00000, 0x0000000707b00000| Untracked 
|  76|0x0000000707c00000, 0x0000000707c00000, 0x0000000707d00000|  0%| F|  |TAMS 0x0000000707c00000, 0x0000000707c00000| Untracked 
|  77|0x0000000707d00000, 0x0000000707d00000, 0x0000000707e00000|  0%| F|  |TAMS 0x0000000707d00000, 0x0000000707d00000| Untracked 
|  78|0x0000000707e00000, 0x0000000707e00000, 0x0000000707f00000|  0%| F|  |TAMS 0x0000000707e00000, 0x0000000707e00000| Untracked 
|  79|0x0000000707f00000, 0x0000000707f00000, 0x0000000708000000|  0%| F|  |TAMS 0x0000000707f00000, 0x0000000707f00000| Untracked 
|  80|0x0000000708000000, 0x0000000708000000, 0x0000000708100000|  0%| F|  |TAMS 0x0000000708000000, 0x0000000708000000| Untracked 
|  81|0x0000000708100000, 0x0000000708100000, 0x0000000708200000|  0%| F|  |TAMS 0x0000000708100000, 0x0000000708100000| Untracked 
|  82|0x0000000708200000, 0x0000000708200000, 0x0000000708300000|  0%| F|  |TAMS 0x0000000708200000, 0x0000000708200000| Untracked 
|  83|0x0000000708300000, 0x0000000708300000, 0x0000000708400000|  0%| F|  |TAMS 0x0000000708300000, 0x0000000708300000| Untracked 
|  84|0x0000000708400000, 0x0000000708400000, 0x0000000708500000|  0%| F|  |TAMS 0x0000000708400000, 0x0000000708400000| Untracked 
|  85|0x0000000708500000, 0x0000000708500000, 0x0000000708600000|  0%| F|  |TAMS 0x0000000708500000, 0x0000000708500000| Untracked 
|  86|0x0000000708600000, 0x0000000708600000, 0x0000000708700000|  0%| F|  |TAMS 0x0000000708600000, 0x0000000708600000| Untracked 
|  87|0x0000000708700000, 0x0000000708700000, 0x0000000708800000|  0%| F|  |TAMS 0x0000000708700000, 0x0000000708700000| Untracked 
|  88|0x0000000708800000, 0x0000000708800000, 0x0000000708900000|  0%| F|  |TAMS 0x0000000708800000, 0x0000000708800000| Untracked 
|  89|0x0000000708900000, 0x0000000708900000, 0x0000000708a00000|  0%| F|  |TAMS 0x0000000708900000, 0x0000000708900000| Untracked 
|  90|0x0000000708a00000, 0x0000000708a00000, 0x0000000708b00000|  0%| F|  |TAMS 0x0000000708a00000, 0x0000000708a00000| Untracked 
|  91|0x0000000708b00000, 0x0000000708b00000, 0x0000000708c00000|  0%| F|  |TAMS 0x0000000708b00000, 0x0000000708b00000| Untracked 
|  92|0x0000000708c00000, 0x0000000708c00000, 0x0000000708d00000|  0%| F|  |TAMS 0x0000000708c00000, 0x0000000708c00000| Untracked 
|  93|0x0000000708d00000, 0x0000000708d00000, 0x0000000708e00000|  0%| F|  |TAMS 0x0000000708d00000, 0x0000000708d00000| Untracked 
|  94|0x0000000708e00000, 0x0000000708e00000, 0x0000000708f00000|  0%| F|  |TAMS 0x0000000708e00000, 0x0000000708e00000| Untracked 
|  95|0x0000000708f00000, 0x0000000708f00000, 0x0000000709000000|  0%| F|  |TAMS 0x0000000708f00000, 0x0000000708f00000| Untracked 
|  96|0x0000000709000000, 0x0000000709000000, 0x0000000709100000|  0%| F|  |TAMS 0x0000000709000000, 0x0000000709000000| Untracked 
|  97|0x0000000709100000, 0x0000000709100000, 0x0000000709200000|  0%| F|  |TAMS 0x0000000709100000, 0x0000000709100000| Untracked 
|  98|0x0000000709200000, 0x0000000709200000, 0x0000000709300000|  0%| F|  |TAMS 0x0000000709200000, 0x0000000709200000| Untracked 
|  99|0x0000000709300000, 0x0000000709300000, 0x0000000709400000|  0%| F|  |TAMS 0x0000000709300000, 0x0000000709300000| Untracked 
| 100|0x0000000709400000, 0x0000000709400000, 0x0000000709500000|  0%| F|  |TAMS 0x0000000709400000, 0x0000000709400000| Untracked 
| 101|0x0000000709500000, 0x0000000709500000, 0x0000000709600000|  0%| F|  |TAMS 0x0000000709500000, 0x0000000709500000| Untracked 
| 102|0x0000000709600000, 0x0000000709600000, 0x0000000709700000|  0%| F|  |TAMS 0x0000000709600000, 0x0000000709600000| Untracked 
| 103|0x0000000709700000, 0x0000000709700000, 0x0000000709800000|  0%| F|  |TAMS 0x0000000709700000, 0x0000000709700000| Untracked 
| 104|0x0000000709800000, 0x0000000709800000, 0x0000000709900000|  0%| F|  |TAMS 0x0000000709800000, 0x0000000709800000| Untracked 
| 105|0x0000000709900000, 0x0000000709900000, 0x0000000709a00000|  0%| F|  |TAMS 0x0000000709900000, 0x0000000709900000| Untracked 
| 106|0x0000000709a00000, 0x0000000709a00000, 0x0000000709b00000|  0%| F|  |TAMS 0x0000000709a00000, 0x0000000709a00000| Untracked 
| 107|0x0000000709b00000, 0x0000000709b00000, 0x0000000709c00000|  0%| F|  |TAMS 0x0000000709b00000, 0x0000000709b00000| Untracked 
| 108|0x0000000709c00000, 0x0000000709c00000, 0x0000000709d00000|  0%| F|  |TAMS 0x0000000709c00000, 0x0000000709c00000| Untracked 
| 109|0x0000000709d00000, 0x0000000709d00000, 0x0000000709e00000|  0%| F|  |TAMS 0x0000000709d00000, 0x0000000709d00000| Untracked 
| 110|0x0000000709e00000, 0x0000000709e00000, 0x0000000709f00000|  0%| F|  |TAMS 0x0000000709e00000, 0x0000000709e00000| Untracked 
| 111|0x0000000709f00000, 0x0000000709f00000, 0x000000070a000000|  0%| F|  |TAMS 0x0000000709f00000, 0x0000000709f00000| Untracked 
| 112|0x000000070a000000, 0x000000070a000000, 0x000000070a100000|  0%| F|  |TAMS 0x000000070a000000, 0x000000070a000000| Untracked 
| 113|0x000000070a100000, 0x000000070a100000, 0x000000070a200000|  0%| F|  |TAMS 0x000000070a100000, 0x000000070a100000| Untracked 
| 114|0x000000070a200000, 0x000000070a200000, 0x000000070a300000|  0%| F|  |TAMS 0x000000070a200000, 0x000000070a200000| Untracked 
| 115|0x000000070a300000, 0x000000070a300000, 0x000000070a400000|  0%| F|  |TAMS 0x000000070a300000, 0x000000070a300000| Untracked 
| 116|0x000000070a400000, 0x000000070a400000, 0x000000070a500000|  0%| F|  |TAMS 0x000000070a400000, 0x000000070a400000| Untracked 
| 117|0x000000070a500000, 0x000000070a500000, 0x000000070a600000|  0%| F|  |TAMS 0x000000070a500000, 0x000000070a500000| Untracked 
| 118|0x000000070a600000, 0x000000070a600000, 0x000000070a700000|  0%| F|  |TAMS 0x000000070a600000, 0x000000070a600000| Untracked 
| 119|0x000000070a700000, 0x000000070a700000, 0x000000070a800000|  0%| F|  |TAMS 0x000000070a700000, 0x000000070a700000| Untracked 
| 120|0x000000070a800000, 0x000000070a800000, 0x000000070a900000|  0%| F|  |TAMS 0x000000070a800000, 0x000000070a800000| Untracked 
| 121|0x000000070a900000, 0x000000070a900000, 0x000000070aa00000|  0%| F|  |TAMS 0x000000070a900000, 0x000000070a900000| Untracked 
| 122|0x000000070aa00000, 0x000000070aa00000, 0x000000070ab00000|  0%| F|  |TAMS 0x000000070aa00000, 0x000000070aa00000| Untracked 
| 123|0x000000070ab00000, 0x000000070ab00000, 0x000000070ac00000|  0%| F|  |TAMS 0x000000070ab00000, 0x000000070ab00000| Untracked 
| 124|0x000000070ac00000, 0x000000070ac00000, 0x000000070ad00000|  0%| F|  |TAMS 0x000000070ac00000, 0x000000070ac00000| Untracked 
| 125|0x000000070ad00000, 0x000000070ad00000, 0x000000070ae00000|  0%| F|  |TAMS 0x000000070ad00000, 0x000000070ad00000| Untracked 
| 126|0x000000070ae00000, 0x000000070ae00000, 0x000000070af00000|  0%| F|  |TAMS 0x000000070ae00000, 0x000000070ae00000| Untracked 
| 127|0x000000070af00000, 0x000000070af00000, 0x000000070b000000|  0%| F|  |TAMS 0x000000070af00000, 0x000000070af00000| Untracked 
| 128|0x000000070b000000, 0x000000070b000000, 0x000000070b100000|  0%| F|  |TAMS 0x000000070b000000, 0x000000070b000000| Untracked 
| 129|0x000000070b100000, 0x000000070b100000, 0x000000070b200000|  0%| F|  |TAMS 0x000000070b100000, 0x000000070b100000| Untracked 
| 130|0x000000070b200000, 0x000000070b200000, 0x000000070b300000|  0%| F|  |TAMS 0x000000070b200000, 0x000000070b200000| Untracked 
| 131|0x000000070b300000, 0x000000070b300000, 0x000000070b400000|  0%| F|  |TAMS 0x000000070b300000, 0x000000070b300000| Untracked 
| 132|0x000000070b400000, 0x000000070b400000, 0x000000070b500000|  0%| F|  |TAMS 0x000000070b400000, 0x000000070b400000| Untracked 
| 133|0x000000070b500000, 0x000000070b500000, 0x000000070b600000|  0%| F|  |TAMS 0x000000070b500000, 0x000000070b500000| Untracked 
| 134|0x000000070b600000, 0x000000070b600000, 0x000000070b700000|  0%| F|  |TAMS 0x000000070b600000, 0x000000070b600000| Untracked 
| 135|0x000000070b700000, 0x000000070b700000, 0x000000070b800000|  0%| F|  |TAMS 0x000000070b700000, 0x000000070b700000| Untracked 
| 136|0x000000070b800000, 0x000000070b800000, 0x000000070b900000|  0%| F|  |TAMS 0x000000070b800000, 0x000000070b800000| Untracked 
| 137|0x000000070b900000, 0x000000070b900000, 0x000000070ba00000|  0%| F|  |TAMS 0x000000070b900000, 0x000000070b900000| Untracked 
| 138|0x000000070ba00000, 0x000000070ba00000, 0x000000070bb00000|  0%| F|  |TAMS 0x000000070ba00000, 0x000000070ba00000| Untracked 
| 139|0x000000070bb00000, 0x000000070bb00000, 0x000000070bc00000|  0%| F|  |TAMS 0x000000070bb00000, 0x000000070bb00000| Untracked 
| 140|0x000000070bc00000, 0x000000070bc00000, 0x000000070bd00000|  0%| F|  |TAMS 0x000000070bc00000, 0x000000070bc00000| Untracked 
| 141|0x000000070bd00000, 0x000000070bd00000, 0x000000070be00000|  0%| F|  |TAMS 0x000000070bd00000, 0x000000070bd00000| Untracked 
| 142|0x000000070be00000, 0x000000070be00000, 0x000000070bf00000|  0%| F|  |TAMS 0x000000070be00000, 0x000000070be00000| Untracked 
| 143|0x000000070bf00000, 0x000000070bf00000, 0x000000070c000000|  0%| F|  |TAMS 0x000000070bf00000, 0x000000070bf00000| Untracked 
| 144|0x000000070c000000, 0x000000070c000000, 0x000000070c100000|  0%| F|  |TAMS 0x000000070c000000, 0x000000070c000000| Untracked 
| 145|0x000000070c100000, 0x000000070c100000, 0x000000070c200000|  0%| F|  |TAMS 0x000000070c100000, 0x000000070c100000| Untracked 
| 146|0x000000070c200000, 0x000000070c200000, 0x000000070c300000|  0%| F|  |TAMS 0x000000070c200000, 0x000000070c200000| Untracked 
| 147|0x000000070c300000, 0x000000070c300000, 0x000000070c400000|  0%| F|  |TAMS 0x000000070c300000, 0x000000070c300000| Untracked 
| 148|0x000000070c400000, 0x000000070c400000, 0x000000070c500000|  0%| F|  |TAMS 0x000000070c400000, 0x000000070c400000| Untracked 
| 149|0x000000070c500000, 0x000000070c500000, 0x000000070c600000|  0%| F|  |TAMS 0x000000070c500000, 0x000000070c500000| Untracked 
| 150|0x000000070c600000, 0x000000070c600000, 0x000000070c700000|  0%| F|  |TAMS 0x000000070c600000, 0x000000070c600000| Untracked 
| 151|0x000000070c700000, 0x000000070c700000, 0x000000070c800000|  0%| F|  |TAMS 0x000000070c700000, 0x000000070c700000| Untracked 
| 152|0x000000070c800000, 0x000000070c800000, 0x000000070c900000|  0%| F|  |TAMS 0x000000070c800000, 0x000000070c800000| Untracked 
| 153|0x000000070c900000, 0x000000070c900000, 0x000000070ca00000|  0%| F|  |TAMS 0x000000070c900000, 0x000000070c900000| Untracked 
| 154|0x000000070ca00000, 0x000000070ca00000, 0x000000070cb00000|  0%| F|  |TAMS 0x000000070ca00000, 0x000000070ca00000| Untracked 
| 155|0x000000070cb00000, 0x000000070cb00000, 0x000000070cc00000|  0%| F|  |TAMS 0x000000070cb00000, 0x000000070cb00000| Untracked 
| 156|0x000000070cc00000, 0x000000070cc00000, 0x000000070cd00000|  0%| F|  |TAMS 0x000000070cc00000, 0x000000070cc00000| Untracked 
| 157|0x000000070cd00000, 0x000000070cd00000, 0x000000070ce00000|  0%| F|  |TAMS 0x000000070cd00000, 0x000000070cd00000| Untracked 
| 158|0x000000070ce00000, 0x000000070ce00000, 0x000000070cf00000|  0%| F|  |TAMS 0x000000070ce00000, 0x000000070ce00000| Untracked 
| 159|0x000000070cf00000, 0x000000070cf00000, 0x000000070d000000|  0%| F|  |TAMS 0x000000070cf00000, 0x000000070cf00000| Untracked 
| 160|0x000000070d000000, 0x000000070d000000, 0x000000070d100000|  0%| F|  |TAMS 0x000000070d000000, 0x000000070d000000| Untracked 
| 161|0x000000070d100000, 0x000000070d100000, 0x000000070d200000|  0%| F|  |TAMS 0x000000070d100000, 0x000000070d100000| Untracked 
| 162|0x000000070d200000, 0x000000070d200000, 0x000000070d300000|  0%| F|  |TAMS 0x000000070d200000, 0x000000070d200000| Untracked 
| 163|0x000000070d300000, 0x000000070d300000, 0x000000070d400000|  0%| F|  |TAMS 0x000000070d300000, 0x000000070d300000| Untracked 
| 164|0x000000070d400000, 0x000000070d400000, 0x000000070d500000|  0%| F|  |TAMS 0x000000070d400000, 0x000000070d400000| Untracked 
| 165|0x000000070d500000, 0x000000070d500000, 0x000000070d600000|  0%| F|  |TAMS 0x000000070d500000, 0x000000070d500000| Untracked 
| 166|0x000000070d600000, 0x000000070d600000, 0x000000070d700000|  0%| F|  |TAMS 0x000000070d600000, 0x000000070d600000| Untracked 
| 167|0x000000070d700000, 0x000000070d700000, 0x000000070d800000|  0%| F|  |TAMS 0x000000070d700000, 0x000000070d700000| Untracked 
| 168|0x000000070d800000, 0x000000070d800000, 0x000000070d900000|  0%| F|  |TAMS 0x000000070d800000, 0x000000070d800000| Untracked 
| 169|0x000000070d900000, 0x000000070d900000, 0x000000070da00000|  0%| F|  |TAMS 0x000000070d900000, 0x000000070d900000| Untracked 
| 170|0x000000070da00000, 0x000000070da00000, 0x000000070db00000|  0%| F|  |TAMS 0x000000070da00000, 0x000000070da00000| Untracked 
| 171|0x000000070db00000, 0x000000070db00000, 0x000000070dc00000|  0%| F|  |TAMS 0x000000070db00000, 0x000000070db00000| Untracked 
| 172|0x000000070dc00000, 0x000000070dc00000, 0x000000070dd00000|  0%| F|  |TAMS 0x000000070dc00000, 0x000000070dc00000| Untracked 
| 173|0x000000070dd00000, 0x000000070dd00000, 0x000000070de00000|  0%| F|  |TAMS 0x000000070dd00000, 0x000000070dd00000| Untracked 
| 174|0x000000070de00000, 0x000000070de00000, 0x000000070df00000|  0%| F|  |TAMS 0x000000070de00000, 0x000000070de00000| Untracked 
| 175|0x000000070df00000, 0x000000070df00000, 0x000000070e000000|  0%| F|  |TAMS 0x000000070df00000, 0x000000070df00000| Untracked 
| 176|0x000000070e000000, 0x000000070e000000, 0x000000070e100000|  0%| F|  |TAMS 0x000000070e000000, 0x000000070e000000| Untracked 
| 177|0x000000070e100000, 0x000000070e100000, 0x000000070e200000|  0%| F|  |TAMS 0x000000070e100000, 0x000000070e100000| Untracked 
| 178|0x000000070e200000, 0x000000070e200000, 0x000000070e300000|  0%| F|  |TAMS 0x000000070e200000, 0x000000070e200000| Untracked 
| 179|0x000000070e300000, 0x000000070e300000, 0x000000070e400000|  0%| F|  |TAMS 0x000000070e300000, 0x000000070e300000| Untracked 
| 180|0x000000070e400000, 0x000000070e400000, 0x000000070e500000|  0%| F|  |TAMS 0x000000070e400000, 0x000000070e400000| Untracked 
| 181|0x000000070e500000, 0x000000070e500000, 0x000000070e600000|  0%| F|  |TAMS 0x000000070e500000, 0x000000070e500000| Untracked 
| 182|0x000000070e600000, 0x000000070e600000, 0x000000070e700000|  0%| F|  |TAMS 0x000000070e600000, 0x000000070e600000| Untracked 
| 183|0x000000070e700000, 0x000000070e700000, 0x000000070e800000|  0%| F|  |TAMS 0x000000070e700000, 0x000000070e700000| Untracked 
| 184|0x000000070e800000, 0x000000070e800000, 0x000000070e900000|  0%| F|  |TAMS 0x000000070e800000, 0x000000070e800000| Untracked 
| 185|0x000000070e900000, 0x000000070e900000, 0x000000070ea00000|  0%| F|  |TAMS 0x000000070e900000, 0x000000070e900000| Untracked 
| 186|0x000000070ea00000, 0x000000070ea00000, 0x000000070eb00000|  0%| F|  |TAMS 0x000000070ea00000, 0x000000070ea00000| Untracked 
| 187|0x000000070eb00000, 0x000000070eb00000, 0x000000070ec00000|  0%| F|  |TAMS 0x000000070eb00000, 0x000000070eb00000| Untracked 
| 188|0x000000070ec00000, 0x000000070ec00000, 0x000000070ed00000|  0%| F|  |TAMS 0x000000070ec00000, 0x000000070ec00000| Untracked 
| 189|0x000000070ed00000, 0x000000070ed00000, 0x000000070ee00000|  0%| F|  |TAMS 0x000000070ed00000, 0x000000070ed00000| Untracked 
| 190|0x000000070ee00000, 0x000000070ee00000, 0x000000070ef00000|  0%| F|  |TAMS 0x000000070ee00000, 0x000000070ee00000| Untracked 
| 191|0x000000070ef00000, 0x000000070ef00000, 0x000000070f000000|  0%| F|  |TAMS 0x000000070ef00000, 0x000000070ef00000| Untracked 
| 192|0x000000070f000000, 0x000000070f000000, 0x000000070f100000|  0%| F|  |TAMS 0x000000070f000000, 0x000000070f000000| Untracked 
| 193|0x000000070f100000, 0x000000070f100000, 0x000000070f200000|  0%| F|  |TAMS 0x000000070f100000, 0x000000070f100000| Untracked 
| 194|0x000000070f200000, 0x000000070f200000, 0x000000070f300000|  0%| F|  |TAMS 0x000000070f200000, 0x000000070f200000| Untracked 
| 195|0x000000070f300000, 0x000000070f300000, 0x000000070f400000|  0%| F|  |TAMS 0x000000070f300000, 0x000000070f300000| Untracked 
| 196|0x000000070f400000, 0x000000070f400000, 0x000000070f500000|  0%| F|  |TAMS 0x000000070f400000, 0x000000070f400000| Untracked 
| 197|0x000000070f500000, 0x000000070f500000, 0x000000070f600000|  0%| F|  |TAMS 0x000000070f500000, 0x000000070f500000| Untracked 
| 198|0x000000070f600000, 0x000000070f600000, 0x000000070f700000|  0%| F|  |TAMS 0x000000070f600000, 0x000000070f600000| Untracked 
| 199|0x000000070f700000, 0x000000070f700000, 0x000000070f800000|  0%| F|  |TAMS 0x000000070f700000, 0x000000070f700000| Untracked 
| 200|0x000000070f800000, 0x000000070f800000, 0x000000070f900000|  0%| F|  |TAMS 0x000000070f800000, 0x000000070f800000| Untracked 
| 201|0x000000070f900000, 0x000000070f900000, 0x000000070fa00000|  0%| F|  |TAMS 0x000000070f900000, 0x000000070f900000| Untracked 
| 202|0x000000070fa00000, 0x000000070fa00000, 0x000000070fb00000|  0%| F|  |TAMS 0x000000070fa00000, 0x000000070fa00000| Untracked 
| 203|0x000000070fb00000, 0x000000070fb00000, 0x000000070fc00000|  0%| F|  |TAMS 0x000000070fb00000, 0x000000070fb00000| Untracked 
| 204|0x000000070fc00000, 0x000000070fc00000, 0x000000070fd00000|  0%| F|  |TAMS 0x000000070fc00000, 0x000000070fc00000| Untracked 
| 205|0x000000070fd00000, 0x000000070fd00000, 0x000000070fe00000|  0%| F|  |TAMS 0x000000070fd00000, 0x000000070fd00000| Untracked 
| 206|0x000000070fe00000, 0x000000070fe00000, 0x000000070ff00000|  0%| F|  |TAMS 0x000000070fe00000, 0x000000070fe00000| Untracked 
| 207|0x000000070ff00000, 0x000000070ff00000, 0x0000000710000000|  0%| F|  |TAMS 0x000000070ff00000, 0x000000070ff00000| Untracked 
| 208|0x0000000710000000, 0x0000000710000000, 0x0000000710100000|  0%| F|  |TAMS 0x0000000710000000, 0x0000000710000000| Untracked 
| 209|0x0000000710100000, 0x0000000710100000, 0x0000000710200000|  0%| F|  |TAMS 0x0000000710100000, 0x0000000710100000| Untracked 
| 210|0x0000000710200000, 0x0000000710200000, 0x0000000710300000|  0%| F|  |TAMS 0x0000000710200000, 0x0000000710200000| Untracked 
| 211|0x0000000710300000, 0x0000000710300000, 0x0000000710400000|  0%| F|  |TAMS 0x0000000710300000, 0x0000000710300000| Untracked 
| 212|0x0000000710400000, 0x0000000710400000, 0x0000000710500000|  0%| F|  |TAMS 0x0000000710400000, 0x0000000710400000| Untracked 
| 213|0x0000000710500000, 0x0000000710500000, 0x0000000710600000|  0%| F|  |TAMS 0x0000000710500000, 0x0000000710500000| Untracked 
| 214|0x0000000710600000, 0x0000000710600000, 0x0000000710700000|  0%| F|  |TAMS 0x0000000710600000, 0x0000000710600000| Untracked 
| 215|0x0000000710700000, 0x0000000710700000, 0x0000000710800000|  0%| F|  |TAMS 0x0000000710700000, 0x0000000710700000| Untracked 
| 216|0x0000000710800000, 0x0000000710800000, 0x0000000710900000|  0%| F|  |TAMS 0x0000000710800000, 0x0000000710800000| Untracked 
| 217|0x0000000710900000, 0x0000000710900000, 0x0000000710a00000|  0%| F|  |TAMS 0x0000000710900000, 0x0000000710900000| Untracked 
| 218|0x0000000710a00000, 0x0000000710a00000, 0x0000000710b00000|  0%| F|  |TAMS 0x0000000710a00000, 0x0000000710a00000| Untracked 
| 219|0x0000000710b00000, 0x0000000710b00000, 0x0000000710c00000|  0%| F|  |TAMS 0x0000000710b00000, 0x0000000710b00000| Untracked 
| 220|0x0000000710c00000, 0x0000000710c00000, 0x0000000710d00000|  0%| F|  |TAMS 0x0000000710c00000, 0x0000000710c00000| Untracked 
| 221|0x0000000710d00000, 0x0000000710d00000, 0x0000000710e00000|  0%| F|  |TAMS 0x0000000710d00000, 0x0000000710d00000| Untracked 
| 222|0x0000000710e00000, 0x0000000710e00000, 0x0000000710f00000|  0%| F|  |TAMS 0x0000000710e00000, 0x0000000710e00000| Untracked 
| 223|0x0000000710f00000, 0x0000000711000000, 0x0000000711000000|100%| S|CS|TAMS 0x0000000710f00000, 0x0000000710f00000| Complete 
| 224|0x0000000711000000, 0x0000000711100000, 0x0000000711100000|100%| S|CS|TAMS 0x0000000711000000, 0x0000000711000000| Complete 
| 225|0x0000000711100000, 0x0000000711200000, 0x0000000711200000|100%| S|CS|TAMS 0x0000000711100000, 0x0000000711100000| Complete 
| 226|0x0000000711200000, 0x0000000711300000, 0x0000000711300000|100%| S|CS|TAMS 0x0000000711200000, 0x0000000711200000| Complete 
| 227|0x0000000711300000, 0x0000000711400000, 0x0000000711400000|100%| S|CS|TAMS 0x0000000711300000, 0x0000000711300000| Complete 
| 228|0x0000000711400000, 0x0000000711500000, 0x0000000711500000|100%| S|CS|TAMS 0x0000000711400000, 0x0000000711400000| Complete 
| 229|0x0000000711500000, 0x0000000711500000, 0x0000000711600000|  0%| F|  |TAMS 0x0000000711500000, 0x0000000711500000| Untracked 
| 230|0x0000000711600000, 0x0000000711600000, 0x0000000711700000|  0%| F|  |TAMS 0x0000000711600000, 0x0000000711600000| Untracked 
| 231|0x0000000711700000, 0x0000000711700000, 0x0000000711800000|  0%| F|  |TAMS 0x0000000711700000, 0x0000000711700000| Untracked 
| 232|0x0000000711800000, 0x0000000711800000, 0x0000000711900000|  0%| F|  |TAMS 0x0000000711800000, 0x0000000711800000| Untracked 
| 233|0x0000000711900000, 0x0000000711900000, 0x0000000711a00000|  0%| F|  |TAMS 0x0000000711900000, 0x0000000711900000| Untracked 
| 234|0x0000000711a00000, 0x0000000711a00000, 0x0000000711b00000|  0%| F|  |TAMS 0x0000000711a00000, 0x0000000711a00000| Untracked 
| 235|0x0000000711b00000, 0x0000000711b00000, 0x0000000711c00000|  0%| F|  |TAMS 0x0000000711b00000, 0x0000000711b00000| Untracked 
| 236|0x0000000711c00000, 0x0000000711c00000, 0x0000000711d00000|  0%| F|  |TAMS 0x0000000711c00000, 0x0000000711c00000| Untracked 
| 237|0x0000000711d00000, 0x0000000711d00000, 0x0000000711e00000|  0%| F|  |TAMS 0x0000000711d00000, 0x0000000711d00000| Untracked 
| 238|0x0000000711e00000, 0x0000000711e00000, 0x0000000711f00000|  0%| F|  |TAMS 0x0000000711e00000, 0x0000000711e00000| Untracked 
| 239|0x0000000711f00000, 0x0000000711f00000, 0x0000000712000000|  0%| F|  |TAMS 0x0000000711f00000, 0x0000000711f00000| Untracked 
| 240|0x0000000712000000, 0x0000000712000000, 0x0000000712100000|  0%| F|  |TAMS 0x0000000712000000, 0x0000000712000000| Untracked 
| 241|0x0000000712100000, 0x0000000712100000, 0x0000000712200000|  0%| F|  |TAMS 0x0000000712100000, 0x0000000712100000| Untracked 
| 242|0x0000000712200000, 0x0000000712200000, 0x0000000712300000|  0%| F|  |TAMS 0x0000000712200000, 0x0000000712200000| Untracked 
| 243|0x0000000712300000, 0x0000000712300000, 0x0000000712400000|  0%| F|  |TAMS 0x0000000712300000, 0x0000000712300000| Untracked 
| 244|0x0000000712400000, 0x0000000712400000, 0x0000000712500000|  0%| F|  |TAMS 0x0000000712400000, 0x0000000712400000| Untracked 
| 245|0x0000000712500000, 0x0000000712500000, 0x0000000712600000|  0%| F|  |TAMS 0x0000000712500000, 0x0000000712500000| Untracked 
| 246|0x0000000712600000, 0x0000000712600000, 0x0000000712700000|  0%| F|  |TAMS 0x0000000712600000, 0x0000000712600000| Untracked 
| 247|0x0000000712700000, 0x0000000712700000, 0x0000000712800000|  0%| F|  |TAMS 0x0000000712700000, 0x0000000712700000| Untracked 
| 248|0x0000000712800000, 0x0000000712800000, 0x0000000712900000|  0%| F|  |TAMS 0x0000000712800000, 0x0000000712800000| Untracked 
| 249|0x0000000712900000, 0x0000000712980800, 0x0000000712a00000| 50%| E|  |TAMS 0x0000000712900000, 0x0000000712900000| Complete 
| 250|0x0000000712a00000, 0x0000000712b00000, 0x0000000712b00000|100%| E|CS|TAMS 0x0000000712a00000, 0x0000000712a00000| Complete 
| 251|0x0000000712b00000, 0x0000000712c00000, 0x0000000712c00000|100%| E|CS|TAMS 0x0000000712b00000, 0x0000000712b00000| Complete 
| 252|0x0000000712c00000, 0x0000000712d00000, 0x0000000712d00000|100%| E|CS|TAMS 0x0000000712c00000, 0x0000000712c00000| Complete 
| 253|0x0000000712d00000, 0x0000000712e00000, 0x0000000712e00000|100%| E|CS|TAMS 0x0000000712d00000, 0x0000000712d00000| Complete 

Card table byte_map: [0x000001f3fbab0000,0x000001f3fc2a0000] _byte_map_base: 0x000001f3f8298000

Marking Bits (Prev, Next): (CMBitMap*) 0x000001f3f71a9f88, (CMBitMap*) 0x000001f3f71a9fc0
 Prev Bits: [0x000001f38f000000, 0x000001f392f40000)
 Next Bits: [0x000001f392f40000, 0x000001f396e80000)

Polling page: 0x000001f3f4910000

Metaspace:

Usage:
  Non-class:     31.34 MB capacity,    30.76 MB ( 98%) used,   482.28 KB (  2%) free+waste,   108.75 KB ( <1%) overhead. 
      Class:      4.52 MB capacity,     4.18 MB ( 92%) used,   297.06 KB (  6%) free+waste,    51.31 KB (  1%) overhead. 
       Both:     35.86 MB capacity,    34.94 MB ( 97%) used,   779.34 KB (  2%) free+waste,   160.06 KB ( <1%) overhead. 

Virtual space:
  Non-class space:       38.00 MB reserved,      31.38 MB ( 83%) committed 
      Class space:        1.00 GB reserved,       4.57 MB ( <1%) committed 
             Both:        1.04 GB reserved,      35.95 MB (  3%) committed 

Chunk freelists:
   Non-Class:  34.00 KB
       Class:  14.00 KB
        Both:  48.00 KB

MaxMetaspaceSize: 17179869184.00 GB
CompressedClassSpaceSize: 1.00 GB

CodeHeap 'non-profiled nmethods': size=120064Kb used=1654Kb max_used=1654Kb free=118409Kb
 bounds [0x000001f387ac0000, 0x000001f387d30000, 0x000001f38f000000]
CodeHeap 'profiled nmethods': size=120000Kb used=8730Kb max_used=8730Kb free=111269Kb
 bounds [0x000001f380590000, 0x000001f380e20000, 0x000001f387ac0000]
CodeHeap 'non-nmethods': size=5696Kb used=1142Kb max_used=1197Kb free=4553Kb
 bounds [0x000001f380000000, 0x000001f380270000, 0x000001f380590000]
 total_blobs=5232 nmethods=3648 adapters=370
 compilation: enabled
              stopped_count=0, restarted_count=0
 full_count=0

Compilation events (20 events):
Event: 7.128 Thread 0x000001f3ff85f000 3530   !   3       java.lang.invoke.MethodHandles$Lookup::revealDirect (209 bytes)
Event: 7.130 Thread 0x000001f3ff85f000 nmethod 3530 0x000001f380da0f10 code [0x000001f380da12c0, 0x000001f380da2aa0]
Event: 7.130 Thread 0x000001f3ff85f000 3531       3       java.lang.invoke.InfoFromMemberName::<init> (72 bytes)
Event: 7.130 Thread 0x000001f3ff85f000 nmethod 3531 0x000001f380da3290 code [0x000001f380da3440, 0x000001f380da3678]
Event: 7.130 Thread 0x000001f3ff85f000 3534   !   3       java.lang.invoke.InnerClassLambdaMetafactory::buildCallSite (156 bytes)
Event: 7.132 Thread 0x000001f3ff85f000 nmethod 3534 0x000001f380da3710 code [0x000001f380da3be0, 0x000001f380da5eb0]
Event: 7.134 Thread 0x000001f3ff85f000 3537       3       java.lang.ClassLoader::getResource (41 bytes)
Event: 7.134 Thread 0x000001f3ff85f000 nmethod 3537 0x000001f380da6d90 code [0x000001f380da6fa0, 0x000001f380da7620]
Event: 7.134 Thread 0x000001f3ff85f000 3538       3       java.nio.Buffer::position (55 bytes)
Event: 7.134 Thread 0x000001f3ff85f000 nmethod 3538 0x000001f380da7810 code [0x000001f380da79e0, 0x000001f380da7cb0]
Event: 7.140 Thread 0x000001f3ff85f000 3539       3       java.io.WinNTFileSystem::prefixLength (91 bytes)
Event: 7.141 Thread 0x000001f3ff85f000 nmethod 3539 0x000001f380da7d90 code [0x000001f380da80a0, 0x000001f380da9400]
Event: 7.145 Thread 0x000001f3ff85f000 3540       1       org.springframework.core.MethodParameter::getNestingLevel (5 bytes)
Event: 7.145 Thread 0x000001f3ff85f000 nmethod 3540 0x000001f387c5ab90 code [0x000001f387c5ad40, 0x000001f387c5ae58]
Event: 7.146 Thread 0x000001f3ff85f000 3541       3       jdk.internal.org.objectweb.asm.MethodVisitor::visitMethodInsn (68 bytes)
Event: 7.146 Thread 0x000001f3ff85f000 nmethod 3541 0x000001f380da9a90 code [0x000001f380da9c80, 0x000001f380daa150]
Event: 7.151 Thread 0x000001f3ff85f000 3543   !   3       org.springframework.util.ReflectionUtils::doWithMethods (193 bytes)
Event: 7.153 Thread 0x000001f3ff85f000 nmethod 3543 0x000001f380daa290 code [0x000001f380daa660, 0x000001f380dabd60]
Event: 7.154 Thread 0x000001f3ff85f000 3544       1       org.springframework.boot.autoconfigure.SharedMetadataReaderFactoryContextInitializer$SharedMetadataReaderFactoryBean::getObjectType (3 bytes)
Event: 7.155 Thread 0x000001f3ff85f000 nmethod 3544 0x000001f387c5b190 code [0x000001f387c5b340, 0x000001f387c5b458]

GC Heap History (10 events):
Event: 1.758 GC heap before
{Heap before GC invocations=0 (full 0):
 garbage-first heap   total 260096K, used 14336K [0x0000000703000000, 0x0000000800000000)
  region size 1024K, 14 young (14336K), 0 survivors (0K)
 Metaspace       used 9795K, capacity 9992K, committed 10240K, reserved 1058816K
  class space    used 897K, capacity 946K, committed 1024K, reserved 1048576K
}
Event: 1.809 GC heap after
{Heap after GC invocations=1 (full 0):
 garbage-first heap   total 260096K, used 6247K [0x0000000703000000, 0x0000000800000000)
  region size 1024K, 2 young (2048K), 2 survivors (2048K)
 Metaspace       used 9795K, capacity 9992K, committed 10240K, reserved 1058816K
  class space    used 897K, capacity 946K, committed 1024K, reserved 1048576K
}
Event: 3.062 GC heap before
{Heap before GC invocations=1 (full 0):
 garbage-first heap   total 260096K, used 51303K [0x0000000703000000, 0x0000000800000000)
  region size 1024K, 47 young (48128K), 2 survivors (2048K)
 Metaspace       used 20783K, capacity 21224K, committed 21248K, reserved 1069056K
  class space    used 2340K, capacity 2536K, committed 2560K, reserved 1048576K
}
Event: 3.071 GC heap after
{Heap after GC invocations=2 (full 0):
 garbage-first heap   total 260096K, used 8877K [0x0000000703000000, 0x0000000800000000)
  region size 1024K, 5 young (5120K), 5 survivors (5120K)
 Metaspace       used 20783K, capacity 21224K, committed 21248K, reserved 1069056K
  class space    used 2340K, capacity 2536K, committed 2560K, reserved 1048576K
}
Event: 3.404 GC heap before
{Heap before GC invocations=3 (full 0):
 garbage-first heap   total 260096K, used 28333K [0x0000000703000000, 0x0000000800000000)
  region size 1024K, 25 young (25600K), 5 survivors (5120K)
 Metaspace       used 25365K, capacity 25874K, committed 25984K, reserved 1073152K
  class space    used 2955K, capacity 3152K, committed 3200K, reserved 1048576K
}
Event: 3.417 GC heap after
{Heap after GC invocations=4 (full 0):
 garbage-first heap   total 260096K, used 9487K [0x0000000703000000, 0x0000000800000000)
  region size 1024K, 1 young (1024K), 1 survivors (1024K)
 Metaspace       used 25365K, capacity 25874K, committed 25984K, reserved 1073152K
  class space    used 2955K, capacity 3152K, committed 3200K, reserved 1048576K
}
Event: 4.817 GC heap before
{Heap before GC invocations=4 (full 0):
 garbage-first heap   total 260096K, used 60687K [0x0000000703000000, 0x0000000800000000)
  region size 1024K, 52 young (53248K), 1 survivors (1024K)
 Metaspace       used 26733K, capacity 27320K, committed 27392K, reserved 1073152K
  class space    used 3067K, capacity 3306K, committed 3328K, reserved 1048576K
}
Event: 4.822 GC heap after
{Heap after GC invocations=5 (full 0):
 garbage-first heap   total 260096K, used 11254K [0x0000000703000000, 0x0000000800000000)
  region size 1024K, 3 young (3072K), 3 survivors (3072K)
 Metaspace       used 26733K, capacity 27320K, committed 27392K, reserved 1073152K
  class space    used 3067K, capacity 3306K, committed 3328K, reserved 1048576K
}
Event: 6.337 GC heap before
{Heap before GC invocations=5 (full 0):
 garbage-first heap   total 260096K, used 75766K [0x0000000703000000, 0x0000000800000000)
  region size 1024K, 67 young (68608K), 3 survivors (3072K)
 Metaspace       used 31016K, capacity 31731K, committed 31872K, reserved 1077248K
  class space    used 3626K, capacity 3913K, committed 3968K, reserved 1048576K
}
Event: 6.348 GC heap after
{Heap after GC invocations=6 (full 0):
 garbage-first heap   total 260096K, used 13060K [0x0000000703000000, 0x0000000800000000)
  region size 1024K, 5 young (5120K), 5 survivors (5120K)
 Metaspace       used 31016K, capacity 31731K, committed 31872K, reserved 1077248K
  class space    used 3626K, capacity 3913K, committed 3968K, reserved 1048576K
}

Deoptimization events (20 events):
Event: 7.126 Thread 0x000001f3f7187800 DEOPT PACKING pc=0x000001f380ac6ec9 sp=0x000000b75dffcdf0
Event: 7.126 Thread 0x000001f3f7187800 DEOPT UNPACKING pc=0x000001f380028fce sp=0x000000b75dffc2d0 mode 0
Event: 7.126 Thread 0x000001f3f7187800 DEOPT PACKING pc=0x000001f3806c99c6 sp=0x000000b75dffcda0
Event: 7.126 Thread 0x000001f3f7187800 DEOPT UNPACKING pc=0x000001f380028fce sp=0x000000b75dffc2e0 mode 0
Event: 7.127 Thread 0x000001f3f7187800 Uncommon trap: trap_request=0xffffff4d fr.pc=0x000001f387b2efc0 relative=0x00000000000000a0
Event: 7.127 Thread 0x000001f3f7187800 Uncommon trap: reason=unstable_if action=reinterpret pc=0x000001f387b2efc0 method=java.nio.Buffer.position(I)Ljava/nio/Buffer; @ 45 c2
Event: 7.127 Thread 0x000001f3f7187800 DEOPT PACKING pc=0x000001f387b2efc0 sp=0x000000b75dffca70
Event: 7.127 Thread 0x000001f3f7187800 DEOPT UNPACKING pc=0x000001f3800291af sp=0x000000b75dffca08 mode 2
Event: 7.127 Thread 0x000001f3f7187800 DEOPT PACKING pc=0x000001f380ac6e45 sp=0x000000b75dffcdf0
Event: 7.127 Thread 0x000001f3f7187800 DEOPT UNPACKING pc=0x000001f380028fce sp=0x000000b75dffc2d0 mode 0
Event: 7.127 Thread 0x000001f3f7187800 DEOPT PACKING pc=0x000001f3806c99c6 sp=0x000000b75dffcda0
Event: 7.127 Thread 0x000001f3f7187800 DEOPT UNPACKING pc=0x000001f380028fce sp=0x000000b75dffc2e0 mode 0
Event: 7.127 Thread 0x000001f3f7187800 DEOPT PACKING pc=0x000001f380ac6e45 sp=0x000000b75dffcdf0
Event: 7.128 Thread 0x000001f3f7187800 DEOPT UNPACKING pc=0x000001f380028fce sp=0x000000b75dffc2d0 mode 0
Event: 7.128 Thread 0x000001f3f7187800 DEOPT PACKING pc=0x000001f3806c99c6 sp=0x000000b75dffcda0
Event: 7.128 Thread 0x000001f3f7187800 DEOPT UNPACKING pc=0x000001f380028fce sp=0x000000b75dffc2e0 mode 0
Event: 7.134 Thread 0x000001f3f7187800 Uncommon trap: trap_request=0xffffff4d fr.pc=0x000001f387bd82cc relative=0x00000000000002ec
Event: 7.134 Thread 0x000001f3f7187800 Uncommon trap: reason=unstable_if action=reinterpret pc=0x000001f387bd82cc method=java.io.WinNTFileSystem.isLetter(C)Z @ 3 c2
Event: 7.134 Thread 0x000001f3f7187800 DEOPT PACKING pc=0x000001f387bd82cc sp=0x000000b75dffdc50
Event: 7.135 Thread 0x000001f3f7187800 DEOPT UNPACKING pc=0x000001f3800291af sp=0x000000b75dffdb80 mode 2

Classes redefined (0 events):
No events

Internal exceptions (20 events):
Event: 6.950 Thread 0x000001f3f7187800 Exception <a 'java/lang/ClassNotFoundException'{0x0000000711d291d8}: org/springframework/aop/framework/ProxyProcessorSupportCustomizer> (0x0000000711d291d8) thrown at [c:/BuildAgent/work/5ff2f6c26000d570/src/hotspot/share/classfile/systemDictionary.cpp, l
Event: 6.951 Thread 0x000001f3f7187800 Exception <a 'java/lang/ClassNotFoundException'{0x0000000711d3b668}: org/springframework/aop/framework/autoproxy/AbstractAutoProxyCreatorCustomizer> (0x0000000711d3b668) thrown at [c:/BuildAgent/work/5ff2f6c26000d570/src/hotspot/share/classfile/systemDict
Event: 6.954 Thread 0x000001f3f7187800 Exception <a 'java/lang/ClassNotFoundException'{0x0000000711d5b168}: org/springframework/aop/framework/autoproxy/AbstractAdvisorAutoProxyCreatorCustomizer> (0x0000000711d5b168) thrown at [c:/BuildAgent/work/5ff2f6c26000d570/src/hotspot/share/classfile/sys
Event: 6.955 Thread 0x000001f3f7187800 Exception <a 'java/lang/ClassNotFoundException'{0x0000000711d6dd40}: org/springframework/aop/aspectj/autoproxy/AspectJAwareAdvisorAutoProxyCreatorCustomizer> (0x0000000711d6dd40) thrown at [c:/BuildAgent/work/5ff2f6c26000d570/src/hotspot/share/classfile/s
Event: 6.956 Thread 0x000001f3f7187800 Exception <a 'java/lang/ClassNotFoundException'{0x0000000711d7fc78}: org/springframework/aop/aspectj/annotation/AnnotationAwareAspectJAutoProxyCreatorCustomizer> (0x0000000711d7fc78) thrown at [c:/BuildAgent/work/5ff2f6c26000d570/src/hotspot/share/classfi
Event: 6.958 Thread 0x000001f3f7187800 Exception <a 'java/lang/ClassNotFoundException'{0x0000000711da2e30}: org/springframework/beans/factory/config/SmartInstantiationAwareBeanPostProcessorCustomizer> (0x0000000711da2e30) thrown at [c:/BuildAgent/work/5ff2f6c26000d570/src/hotspot/share/classfi
Event: 6.959 Thread 0x000001f3f7187800 Exception <a 'java/lang/ClassNotFoundException'{0x0000000711db5798}: org/springframework/beans/factory/config/InstantiationAwareBeanPostProcessorCustomizer> (0x0000000711db5798) thrown at [c:/BuildAgent/work/5ff2f6c26000d570/src/hotspot/share/classfile/sy
Event: 6.959 Thread 0x000001f3f7187800 Exception <a 'java/lang/ClassNotFoundException'{0x0000000711dc6180}: org/springframework/beans/factory/config/BeanPostProcessorCustomizer> (0x0000000711dc6180) thrown at [c:/BuildAgent/work/5ff2f6c26000d570/src/hotspot/share/classfile/systemDictionary.cpp
Event: 6.960 Thread 0x000001f3f7187800 Exception <a 'java/lang/ClassNotFoundException'{0x0000000711dd3a88}: org/springframework/beans/factory/BeanFactoryAwareCustomizer> (0x0000000711dd3a88) thrown at [c:/BuildAgent/work/5ff2f6c26000d570/src/hotspot/share/classfile/systemDictionary.cpp, line 2
Event: 6.960 Thread 0x000001f3f7187800 Exception <a 'java/lang/ClassNotFoundException'{0x0000000711ddfcb0}: org/springframework/beans/factory/AwareCustomizer> (0x0000000711ddfcb0) thrown at [c:/BuildAgent/work/5ff2f6c26000d570/src/hotspot/share/classfile/systemDictionary.cpp, line 231]
Event: 6.961 Thread 0x000001f3f7187800 Exception <a 'java/lang/ClassNotFoundException'{0x0000000711de9f08}: org/springframework/core/OrderedCustomizer> (0x0000000711de9f08) thrown at [c:/BuildAgent/work/5ff2f6c26000d570/src/hotspot/share/classfile/systemDictionary.cpp, line 231]
Event: 6.961 Thread 0x000001f3f7187800 Exception <a 'java/lang/ClassNotFoundException'{0x0000000711df6ec0}: org/springframework/beans/factory/BeanClassLoaderAwareCustomizer> (0x0000000711df6ec0) thrown at [c:/BuildAgent/work/5ff2f6c26000d570/src/hotspot/share/classfile/systemDictionary.cpp, li
Event: 6.962 Thread 0x000001f3f7187800 Exception <a 'java/lang/ClassNotFoundException'{0x0000000711c02c78}: org/springframework/beans/factory/AwareCustomizer> (0x0000000711c02c78) thrown at [c:/BuildAgent/work/5ff2f6c26000d570/src/hotspot/share/classfile/systemDictionary.cpp, line 231]
Event: 6.962 Thread 0x000001f3f7187800 Exception <a 'java/lang/ClassNotFoundException'{0x0000000711c0f0f0}: org/springframework/aop/framework/AopInfrastructureBeanCustomizer> (0x0000000711c0f0f0) thrown at [c:/BuildAgent/work/5ff2f6c26000d570/src/hotspot/share/classfile/systemDictionary.cpp, l
Event: 7.001 Thread 0x000001f3f7187800 Exception <a 'java/lang/ClassNotFoundException'{0x0000000711b19c20}: java/lang/ObjectCustomizer> (0x0000000711b19c20) thrown at [c:/BuildAgent/work/5ff2f6c26000d570/src/hotspot/share/classfile/systemDictionary.cpp, line 231]
Event: 7.002 Thread 0x000001f3f7187800 Exception <a 'java/lang/ClassNotFoundException'{0x0000000711b2c6c8}: org/springframework/transaction/annotation/AbstractTransactionManagementConfigurationCustomizer> (0x0000000711b2c6c8) thrown at [c:/BuildAgent/work/5ff2f6c26000d570/src/hotspot/share/cla
Event: 7.003 Thread 0x000001f3f7187800 Exception <a 'java/lang/ClassNotFoundException'{0x0000000711b3e380}: org/springframework/transaction/annotation/ProxyTransactionManagementConfigurationCustomizer> (0x0000000711b3e380) thrown at [c:/BuildAgent/work/5ff2f6c26000d570/src/hotspot/share/classf
Event: 7.004 Thread 0x000001f3f7187800 Exception <a 'java/lang/ClassNotFoundException'{0x0000000711b4e3e0}: org/springframework/context/annotation/ImportAwareCustomizer> (0x0000000711b4e3e0) thrown at [c:/BuildAgent/work/5ff2f6c26000d570/src/hotspot/share/classfile/systemDictionary.cpp, line 2
Event: 7.005 Thread 0x000001f3f7187800 Exception <a 'java/lang/ClassNotFoundException'{0x0000000711b5a208}: org/springframework/beans/factory/AwareCustomizer> (0x0000000711b5a208) thrown at [c:/BuildAgent/work/5ff2f6c26000d570/src/hotspot/share/classfile/systemDictionary.cpp, line 231]
Event: 7.147 Thread 0x000001f3f7187800 Exception <a 'java/lang/NoSuchMethodError'{0x0000000711896200}: 'int java.lang.invoke.DirectMethodHandle$Holder.invokeSpecial(java.lang.Object, java.lang.Object, java.lang.Object, java.lang.Object, java.lang.Object)'> (0x0000000711896200) thrown at [c:/Bu

Events (20 events):
Event: 7.147 loading class org/springframework/core/OrderComparator
Event: 7.147 loading class org/springframework/core/OrderComparator done
Event: 7.148 loading class java/util/stream/SortedOps
Event: 7.148 loading class java/util/stream/SortedOps done
Event: 7.148 loading class java/util/stream/SortedOps$OfRef
Event: 7.148 loading class java/util/stream/ReferencePipeline$StatefulOp
Event: 7.148 loading class java/util/stream/ReferencePipeline$StatefulOp done
Event: 7.148 loading class java/util/stream/SortedOps$OfRef done
Event: 7.148 Executing VM operation: Deoptimize
Event: 7.148 Executing VM operation: Deoptimize done
Event: 7.150 loading class java/util/stream/SortedOps$RefSortingSink
Event: 7.150 loading class java/util/stream/SortedOps$AbstractRefSortingSink
Event: 7.150 loading class java/util/stream/SortedOps$AbstractRefSortingSink done
Event: 7.150 loading class java/util/stream/SortedOps$RefSortingSink done
Event: 7.157 loading class org/apache/catalina/Host
Event: 7.157 loading class org/apache/catalina/Host done
Event: 7.157 loading class org/apache/catalina/Engine
Event: 7.157 loading class org/apache/catalina/Engine done
Event: 7.158 loading class org/apache/coyote/ProtocolHandler
Event: 7.158 loading class org/apache/coyote/ProtocolHandler done


Dynamic libraries:
0x00007ff7f0f00000 - 0x00007ff7f0f0a000 	D:\Application\IntelliJ IDEA Community Edition 2019.3.3\jbr\bin\java.exe
0x00007ffe2d800000 - 0x00007ffe2d9f0000 	C:\WINDOWS\SYSTEM32\ntdll.dll
0x00007ffe2b8c0000 - 0x00007ffe2b972000 	C:\WINDOWS\System32\KERNEL32.DLL
0x00007ffe2b330000 - 0x00007ffe2b5d3000 	C:\WINDOWS\System32\KERNELBASE.dll
0x00007ffe21e50000 - 0x00007ffe21edf000 	C:\WINDOWS\SYSTEM32\apphelp.dll
0x00007ffe2b230000 - 0x00007ffe2b32a000 	C:\WINDOWS\System32\ucrtbase.dll
0x00007ffe16fa0000 - 0x00007ffe16fb9000 	D:\Application\IntelliJ IDEA Community Edition 2019.3.3\jbr\bin\jli.dll
0x00007ffe2d1c0000 - 0x00007ffe2d353000 	C:\WINDOWS\System32\USER32.dll
0x00007ffe2b010000 - 0x00007ffe2b031000 	C:\WINDOWS\System32\win32u.dll
0x00007ffe19800000 - 0x00007ffe19817000 	D:\Application\IntelliJ IDEA Community Edition 2019.3.3\jbr\bin\VCRUNTIME140.dll
0x00007ffe2d0b0000 - 0x00007ffe2d0d6000 	C:\WINDOWS\System32\GDI32.dll
0x00007ffe2b710000 - 0x00007ffe2b8a4000 	C:\WINDOWS\System32\gdi32full.dll
0x00007ffe2b190000 - 0x00007ffe2b22e000 	C:\WINDOWS\System32\msvcp_win.dll
0x00007ffe15890000 - 0x00007ffe15b15000 	C:\WINDOWS\WinSxS\amd64_microsoft.windows.common-controls_6595b64144ccf1df_6.0.18362.329_none_e6c7b0c7130c72de\COMCTL32.dll
0x00007ffe2c8b0000 - 0x00007ffe2c94e000 	C:\WINDOWS\System32\msvcrt.dll
0x00007ffe2c9b0000 - 0x00007ffe2cce6000 	C:\WINDOWS\System32\combase.dll
0x00007ffe2cf60000 - 0x00007ffe2d080000 	C:\WINDOWS\System32\RPCRT4.dll
0x00007ffe2b5e0000 - 0x00007ffe2b660000 	C:\WINDOWS\System32\bcryptPrimitives.dll
0x00007ffe2bb00000 - 0x00007ffe2bb2e000 	C:\WINDOWS\System32\IMM32.DLL
0x00007ffe24680000 - 0x00007ffe24874000 	C:\WINDOWS\system32\tmumh\20019\AddOn\8.53.0.1016\TmUmEvt64.dll
0x00007ffe2d0a0000 - 0x00007ffe2d0a8000 	C:\WINDOWS\System32\PSAPI.DLL
0x00007ffe2d6a0000 - 0x00007ffe2d743000 	C:\WINDOWS\System32\ADVAPI32.dll
0x00007ffe2ce50000 - 0x00007ffe2cee7000 	C:\WINDOWS\System32\sechost.dll
0x0000000062780000 - 0x00000000628ee000 	C:\WINDOWS\system32\tmumh\20019\TmMon\2.8.0.1034\tmmon64.dll
0x00007ffdefad0000 - 0x00007ffdefb6d000 	D:\Application\IntelliJ IDEA Community Edition 2019.3.3\jbr\bin\msvcp140.dll
0x00007ffde74b0000 - 0x00007ffde7f6d000 	D:\Application\IntelliJ IDEA Community Edition 2019.3.3\jbr\bin\server\jvm.dll
0x00007ffe15d80000 - 0x00007ffe15d89000 	C:\WINDOWS\SYSTEM32\WSOCK32.dll
0x00007ffe2cef0000 - 0x00007ffe2cf5f000 	C:\WINDOWS\System32\WS2_32.dll
0x00007ffe212a0000 - 0x00007ffe212c4000 	C:\WINDOWS\SYSTEM32\WINMM.dll
0x00007ffe22490000 - 0x00007ffe2249a000 	C:\WINDOWS\SYSTEM32\VERSION.dll
0x00007ffe21270000 - 0x00007ffe2129d000 	C:\WINDOWS\SYSTEM32\WINMMBASE.dll
0x00007ffe2a840000 - 0x00007ffe2a88a000 	C:\WINDOWS\System32\cfgmgr32.dll
0x00007ffe2a6e0000 - 0x00007ffe2a6f1000 	C:\WINDOWS\System32\kernel.appcore.dll
0x00007ffe24610000 - 0x00007ffe24621000 	D:\Application\IntelliJ IDEA Community Edition 2019.3.3\jbr\bin\verify.dll
0x00007ffe22040000 - 0x00007ffe22234000 	C:\WINDOWS\SYSTEM32\DBGHELP.DLL
0x00007ffe10160000 - 0x00007ffe1018a000 	C:\WINDOWS\SYSTEM32\dbgcore.DLL
0x00007ffe18c10000 - 0x00007ffe18c39000 	D:\Application\IntelliJ IDEA Community Edition 2019.3.3\jbr\bin\java.dll
0x00007ffe26ad0000 - 0x00007ffe26adf000 	D:\Application\IntelliJ IDEA Community Edition 2019.3.3\jbr\bin\instrument.dll
0x00007ffe24510000 - 0x00007ffe24528000 	D:\Application\IntelliJ IDEA Community Edition 2019.3.3\jbr\bin\zip.dll
0x00007ffe26a60000 - 0x00007ffe26a6b000 	D:\Application\IntelliJ IDEA Community Edition 2019.3.3\jbr\bin\jimage.dll
0x00007ffe2bb30000 - 0x00007ffe2c215000 	C:\WINDOWS\System32\SHELL32.dll
0x00007ffe2d360000 - 0x00007ffe2d409000 	C:\WINDOWS\System32\shcore.dll
0x00007ffe2a890000 - 0x00007ffe2b00e000 	C:\WINDOWS\System32\windows.storage.dll
0x00007ffe2a700000 - 0x00007ffe2a71f000 	C:\WINDOWS\System32\profapi.dll
0x00007ffe2a740000 - 0x00007ffe2a78a000 	C:\WINDOWS\System32\powrprof.dll
0x00007ffe2a6d0000 - 0x00007ffe2a6e0000 	C:\WINDOWS\System32\UMPDC.dll
0x00007ffe2d640000 - 0x00007ffe2d692000 	C:\WINDOWS\System32\shlwapi.dll
0x00007ffe2a790000 - 0x00007ffe2a7a7000 	C:\WINDOWS\System32\cryptsp.dll
0x00007ffe19600000 - 0x00007ffe1961a000 	D:\Application\IntelliJ IDEA Community Edition 2019.3.3\jbr\bin\net.dll
0x00007ffe243a0000 - 0x00007ffe24490000 	C:\WINDOWS\SYSTEM32\WINHTTP.dll
0x00007ffe29e90000 - 0x00007ffe29ef7000 	C:\WINDOWS\system32\mswsock.dll
0x00007ffe18e60000 - 0x00007ffe18e74000 	D:\Application\IntelliJ IDEA Community Edition 2019.3.3\jbr\bin\nio.dll
0x00007ffe19890000 - 0x00007ffe198aa000 	D:\Application\IntelliJ IDEA Community Edition 2019.3.3\bin\breakgen64.dll
0x00007ffe24600000 - 0x00007ffe2460a000 	D:\Application\IntelliJ IDEA Community Edition 2019.3.3\jbr\bin\management.dll
0x00007ffe23f10000 - 0x00007ffe23f1c000 	D:\Application\IntelliJ IDEA Community Edition 2019.3.3\jbr\bin\management_ext.dll
0x00007ffe0f6c0000 - 0x00007ffe0f6d6000 	C:\WINDOWS\system32\napinsp.dll
0x00007ffe0f660000 - 0x00007ffe0f67a000 	C:\WINDOWS\system32\pnrpnsp.dll
0x00007ffe29bf0000 - 0x00007ffe29cba000 	C:\WINDOWS\SYSTEM32\DNSAPI.dll
0x00007ffe2b8b0000 - 0x00007ffe2b8b8000 	C:\WINDOWS\System32\NSI.dll
0x00007ffe29bb0000 - 0x00007ffe29bea000 	C:\WINDOWS\SYSTEM32\IPHLPAPI.DLL
0x00007ffe15ed0000 - 0x00007ffe15ede000 	C:\WINDOWS\System32\winrnr.dll
0x00007ffe24280000 - 0x00007ffe2429c000 	C:\WINDOWS\system32\NLAapi.dll
0x00007ffe277a0000 - 0x00007ffe277b5000 	C:\WINDOWS\system32\wshbth.dll
0x00007ffe211c0000 - 0x00007ffe211ca000 	C:\Windows\System32\rasadhlp.dll
0x00007ffe27ec0000 - 0x00007ffe27f37000 	C:\WINDOWS\System32\fwpuclnt.dll
0x00007ffe2a7b0000 - 0x00007ffe2a7d6000 	C:\WINDOWS\System32\bcrypt.dll
0x00007ffe29a10000 - 0x00007ffe29a43000 	C:\WINDOWS\system32\rsaenh.dll
0x00007ffe2a5f0000 - 0x00007ffe2a615000 	C:\WINDOWS\SYSTEM32\USERENV.dll
0x00007ffe2a010000 - 0x00007ffe2a01c000 	C:\WINDOWS\SYSTEM32\CRYPTBASE.dll
0x00007ffe27730000 - 0x00007ffe27746000 	C:\WINDOWS\SYSTEM32\dhcpcsvc6.DLL
0x00007ffe27710000 - 0x00007ffe2772c000 	C:\WINDOWS\SYSTEM32\dhcpcsvc.DLL

dbghelp: loaded successfully - version: 4.0.5 - missing functions: none
symbol engine: initialized successfully - sym options: 0x614 - pdb path: .;D:\Application\IntelliJ IDEA Community Edition 2019.3.3\jbr\bin;C:\WINDOWS\SYSTEM32;C:\WINDOWS\WinSxS\amd64_microsoft.windows.common-controls_6595b64144ccf1df_6.0.18362.329_none_e6c7b0c7130c72de;C:\WINDOWS\system32\tmumh\20019\AddOn\8.53.0.1016;C:\WINDOWS\system32\tmumh\20019\TmMon\2.8.0.1034;D:\Application\IntelliJ IDEA Community Edition 2019.3.3\jbr\bin\server;D:\Application\IntelliJ IDEA Community Edition 2019.3.3\bin

VM Arguments:
jvm_args: -javaagent:D:\Application\IntelliJ IDEA Community Edition 2019.3.3\lib\idea_rt.jar=61951:D:\Application\IntelliJ IDEA Community Edition 2019.3.3\bin -Dfile.encoding=UTF-8 
java_command: com.ecommerce.microcommerce.MicrocommerceApplication
java_class_path (initial): D:\Dev\Azure Devops\microcommerce\target\classes;C:\Users\abi\.m2\repository\org\springframework\boot\spring-boot-starter-web\2.2.6.RELEASE\spring-boot-starter-web-2.2.6.RELEASE.jar;C:\Users\abi\.m2\repository\org\springframework\boot\spring-boot-starter-json\2.2.6.RELEASE\spring-boot-starter-json-2.2.6.RELEASE.jar;C:\Users\abi\.m2\repository\com\fasterxml\jackson\core\jackson-databind\2.10.3\jackson-databind-2.10.3.jar;C:\Users\abi\.m2\repository\com\fasterxml\jackson\core\jackson-core\2.10.3\jackson-core-2.10.3.jar;C:\Users\abi\.m2\repository\com\fasterxml\jackson\datatype\jackson-datatype-jdk8\2.10.3\jackson-datatype-jdk8-2.10.3.jar;C:\Users\abi\.m2\repository\com\fasterxml\jackson\datatype\jackson-datatype-jsr310\2.10.3\jackson-datatype-jsr310-2.10.3.jar;C:\Users\abi\.m2\repository\com\fasterxml\jackson\module\jackson-module-parameter-names\2.10.3\jackson-module-parameter-names-2.10.3.jar;C:\Users\abi\.m2\repository\org\springframework\boot\spring-boot-starter-tomcat\2.2.6.RELEASE\spring-boot-starter-tomcat-2.2.6.RELEASE.jar;C:\Users\abi\.m2\repository\org\apache\tomcat\embed\tomcat-embed-core\9.0.33\tomcat-embed-core-9.0.33.jar;C:\Users\abi\.m2\repository\org\apache\tomcat\embed\tomcat-embed-el\9.0.33\tomcat-embed-el-9.0.33.jar;C:\Users\abi\.m2\repository\org\apache\tomcat\embed\tomcat-embed-websocket\9.0.33\tomcat-embed-websocket-9.0.33.jar;C:\Users\abi\.m2\repository\org\springframework\boot\spring-boot-starter-validation\2.2.6.RELEASE\spring-boot-starter-validation-2.2.6.RELEASE.jar;C:\Users\abi\.m2\repository\jakarta\validation\jakarta.validation-api\2.0.2\jakarta.validation-api-2.0.2.jar;C:\Users\abi\.m2\repository\org\hibernate\validator\hibernate-validator\6.0.18.Final\hibernate-validator-6.0.18.Final.jar;C:\Users\abi\.m2\repository\org\springframework\spring-web\5.2.5.RELEASE\spring-web-5.2.5.RELEASE.jar;C:\Users\abi\.m2\repository\org\springframework\spring-beans\5.2.5.RELEASE\spring-beans-5.2.5.RELEASE.jar;C:\Users\abi\.m2
Launcher Type: SUN_STANDARD

[Global flags]
     intx CICompilerCount                          = 3                                         {product} {ergonomic}
     uint ConcGCThreads                            = 1                                         {product} {ergonomic}
     uint G1ConcRefinementThreads                  = 4                                         {product} {ergonomic}
   size_t G1HeapRegionSize                         = 1048576                                   {product} {ergonomic}
    uintx GCDrainStackTargetSize                   = 64                                        {product} {ergonomic}
   size_t InitialHeapSize                          = 266338304                                 {product} {ergonomic}
   size_t MarkStackSize                            = 4194304                                   {product} {ergonomic}
   size_t MaxHeapSize                              = 4244635648                                {product} {ergonomic}
   size_t MaxNewSize                               = 2545942528                                {product} {ergonomic}
   size_t MinHeapDeltaBytes                        = 1048576                                   {product} {ergonomic}
    uintx NonNMethodCodeHeapSize                   = 5830732                                {pd product} {ergonomic}
    uintx NonProfiledCodeHeapSize                  = 122913754                              {pd product} {ergonomic}
    uintx ProfiledCodeHeapSize                     = 122913754                              {pd product} {ergonomic}
    uintx ReservedCodeCacheSize                    = 251658240                              {pd product} {ergonomic}
     bool SegmentedCodeCache                       = true                                      {product} {ergonomic}
     bool UseCompressedClassPointers               = true                                 {lp64_product} {ergonomic}
     bool UseCompressedOops                        = true                                 {lp64_product} {ergonomic}
     bool UseG1GC                                  = true                                      {product} {ergonomic}
     bool UseLargePagesIndividualAllocation        = false                                  {pd product} {ergonomic}

Logging:
Log output configuration:
 #0: stdout all=warning uptime,level,tags
 #1: stderr all=off uptime,level,tags

Environment Variables:
PATH=C:\oraclexe\app\oracle\product\10.2.0\server\bin;C:\Program Files (x86)\Common Files\TEC-IT\TBarCode\11.0\;C:\Program Files\Common Files\TEC-IT\TBarCode\11.0\;C:\ProgramData\Oracle\Java\javapath;C:\WINDOWS\system32;C:\WINDOWS;C:\WINDOWS\System32\Wbem;C:\WINDOWS\System32\WindowsPowerShell\v1.0\;C:\Program Files\Intel\WiFi\bin\;C:\Program Files\Common Files\Intel\WirelessCommon\;C:\Program Files (x86)\Microsoft SQL Server\Client SDK\ODBC\130\Tools\Binn\;C:\Program Files (x86)\Microsoft SQL Server\140\Tools\Binn\;C:\Program Files (x86)\Microsoft SQL Server\140\DTS\Binn\;C:\Program Files (x86)\Microsoft SQL Server\140\Tools\Binn\ManagementStudio\;C:\Program Files\dotnet\;C:\Program Files\Microsoft SQL Server\130\Tools\Binn\;C:\Users\abi\AppData\Local\Programs\Git\cmd;C:\Users\abi\AppData\Local\Android\Sdk\platform-tools;C:\Users\abi\AppData\Local\Android\Sdk\tools;C:\Program Files\nodejs\;C:\Program Files (x86)\Microsoft SQL Server\100\Tools\Binn\;C:\Program Files (x86)\Microsoft SQL Server\100\DTS\Binn\;C:\Program Files (x86)\Microsoft SQL Server\100\Tools\Binn\VSShell\Common7\IDE\;C:\Program Files (x86)\Microsoft SQL Server\110\DTS\Binn\;C:\Program Files (x86)\Microsoft SQL Server\120\DTS\Binn\;C:\Program Files (x86)\Microsoft SQL Server\130\DTS\Binn\;C:\Program Files (x86)\Microsoft SQL Server\150\DTS\Binn\;C:\Gradle\bin;C:\Users\abi\Downloads\nuget.exe;C:\Program Files\Microsoft SQL Server\Client SDK\ODBC\170\Tools\Binn\;C:\WINDOWS\System32\OpenSSH\;C:\Program Files\Docker\Docker\resources\bin;C:\ProgramData\DockerDesktop\version-bin;C:\Users\abi\AppData\Local\Programs\Microsoft VS Code\bin;C:\Users\abi\AppData\Roaming\npm;C:\Users\abi\AppData\Roaming\Dashlane\6.1907.0.17833\bin\Firefox_Extension\{442718d9-475e-452a-b3e1-fb1ee16b8e9f}\components;C:\Users\abi\AppData\Roaming\Dashlane\6.1907.0.17833\ucrt;C:\Users\abi\AppData\Roaming\Dashlane\6.1907.0.17833\bin\Qt;C:\Users\abi\AppData\Roaming\Dashlane\6.1907.0.17833\bin\Ssl;D:\Utilitaires\Softs\Flutter\V1\flutter\bin
USERNAME=abi
OS=Windows_NT
PROCESSOR_IDENTIFIER=Intel64 Family 6 Model 78 Stepping 3, GenuineIntel



---------------  S Y S T E M  ---------------

OS: Windows 10 , 64 bit Build 18362 (10.0.18362.329)
HyperV virtualization detected

CPU:total 4 (initial active 4) (2 cores per cpu, 2 threads per core) family 6 model 78 stepping 3, cmov, cx8, fxsr, mmx, sse, sse2, sse3, ssse3, sse4.1, sse4.2, popcnt, avx, avx2, aes, clmul, erms, rtm, 3dnowpref, lzcnt, ht, tsc, tscinvbit, bmi1, bmi2, adx, fma

Memory: 4k page, system-wide physical 16190M (2697M free)
TotalPageFile size 20190M (AvailPageFile size 326M)
current process WorkingSet (physical memory assigned to process): 215M, peak: 218M
current process commit charge ("private bytes"): 417M, peak: 422M

vm_info: OpenJDK 64-Bit Server VM (11.0.6+8-b520.43) for windows-amd64 JRE (11.0.6+8-b520.43), built on Feb  3 2020 14:18:56 by "" with MS VC++ 14.0 (VS2015)

END.
